
<?xml version="1.0" encoding="UTF-8"?>
<beans xmlns="http://www.springframework.org/schema/beans"
 xmlns:xsi="http://www.w3.org/2001/XMLSchema-instance" xmlns:context="http://www.springframework.org/schema/context"
 xsi:schemaLocation="http://www.springframework.org/schema/beans http://www.springframework.org/schema/beans/spring-beans.xsd
 http://www.springframework.org/schema/context http://www.springframework.org/schema/context/spring-context.xsd">
   <bean id="testDataSource" class="org.springframework.jdbc.datasource.DriverManagerDataSource">
      <property name="url" value="jdbc:derby:C:/Users/Conan/dbunit" />
   </bean>
 
   <bean id="testJdbcTemplate" class="org.springframework.jdbc.core.namedparam.NamedParameterJdbcTemplate">
      <constructor-arg ref="testDataSource" />
   </bean>
</beans>

